[debug] [2024-11-02T13:19:39.470Z] ----------------------------------------------------------------------
[debug] [2024-11-02T13:19:39.484Z] Command:       C:\Program Files\nodejs\node.exe C:\Users\user\AppData\Roaming\npm\node_modules\firebase-tools\lib\bin\firebase.js init
[debug] [2024-11-02T13:19:39.485Z] CLI Version:   13.23.1
[debug] [2024-11-02T13:19:39.486Z] Platform:      win32
[debug] [2024-11-02T13:19:39.486Z] Node Version:  v20.11.0
[debug] [2024-11-02T13:19:39.487Z] Time:          Sat Nov 02 2024 18:49:39 GMT+0530 (India Standard Time)
[debug] [2024-11-02T13:19:39.488Z] ----------------------------------------------------------------------
[debug] 
[debug] [2024-11-02T13:19:39.532Z] > command requires scopes: ["email","openid","https://www.googleapis.com/auth/cloudplatformprojects.readonly","https://www.googleapis.com/auth/firebase","https://www.googleapis.com/auth/cloud-platform"]
[debug] [2024-11-02T13:19:39.533Z] > authorizing via signed-in user (kotasonam3@gmail.com)
[info] 
     ######## #### ########  ######## ########     ###     ######  ########
     ##        ##  ##     ## ##       ##     ##  ##   ##  ##       ##
     ######    ##  ########  ######   ########  #########  ######  ######
     ##        ##  ##    ##  ##       ##     ## ##     ##       ## ##
     ##       #### ##     ## ######## ########  ##     ##  ######  ########

You're about to initialize a Firebase project in this directory:

  D:\Nextjswebsite\OnlineMenu\my-app\app

[info] 
=== Project Setup
[info] 
[info] First, let's associate this project directory with a Firebase project.
[info] You can create multiple project aliases by running firebase use --add, 
[info] but for now we'll just set up a default project.
[info] 
[info] i  If you want to create a project in a Google Cloud organization or folder, please use "firebase projects:create" instead, and return to this command when you've created the project. 
[debug] [2024-11-02T13:24:33.055Z] ----------------------------------------------------------------------
[debug] [2024-11-02T13:24:33.060Z] Command:       C:\Program Files\nodejs\node.exe C:\Users\user\AppData\Roaming\npm\node_modules\firebase-tools\lib\bin\firebase.js init
[debug] [2024-11-02T13:24:33.060Z] CLI Version:   13.23.1
[debug] [2024-11-02T13:24:33.060Z] Platform:      win32
[debug] [2024-11-02T13:24:33.060Z] Node Version:  v20.11.0
[debug] [2024-11-02T13:24:33.061Z] Time:          Sat Nov 02 2024 18:54:33 GMT+0530 (India Standard Time)
[debug] [2024-11-02T13:24:33.061Z] ----------------------------------------------------------------------
[debug] 
[debug] [2024-11-02T13:24:33.069Z] > command requires scopes: ["email","openid","https://www.googleapis.com/auth/cloudplatformprojects.readonly","https://www.googleapis.com/auth/firebase","https://www.googleapis.com/auth/cloud-platform"]
[debug] [2024-11-02T13:24:33.069Z] > authorizing via signed-in user (kotasonam3@gmail.com)
[info] 
     ######## #### ########  ######## ########     ###     ######  ########
     ##        ##  ##     ## ##       ##     ##  ##   ##  ##       ##
     ######    ##  ########  ######   ########  #########  ######  ######
     ##        ##  ##    ##  ##       ##     ## ##     ##       ## ##
     ##       #### ##     ## ######## ########  ##     ##  ######  ########

You're about to initialize a Firebase project in this directory:

  D:\Nextjswebsite\OnlineMenu\my-app\app

[info] 
=== Project Setup
[info] 
[info] First, let's associate this project directory with a Firebase project.
[info] You can create multiple project aliases by running firebase use --add, 
[info] but for now we'll just set up a default project.
[info] 
[info] i  If you want to create a project in a Google Cloud organization or folder, please use "firebase projects:create" instead, and return to this command when you've created the project. 
[debug] [2024-11-02T13:29:25.982Z] Checked if tokens are valid: true, expires at: 1730557091731
[debug] [2024-11-02T13:29:25.983Z] Checked if tokens are valid: true, expires at: 1730557091731
[debug] [2024-11-02T13:29:25.985Z] >>> [apiv2][query] POST https://cloudresourcemanager.googleapis.com/v1/projects [none]
[debug] [2024-11-02T13:29:25.985Z] >>> [apiv2][body] POST https://cloudresourcemanager.googleapis.com/v1/projects {"projectId":"digitalmenusystem_12345","name":"DigitalMenu"}
[debug] [2024-11-02T13:29:27.502Z] <<< [apiv2][status] POST https://cloudresourcemanager.googleapis.com/v1/projects 400
[debug] [2024-11-02T13:29:27.503Z] <<< [apiv2][body] POST https://cloudresourcemanager.googleapis.com/v1/projects {"error":{"code":400,"message":"field [project_id] has issue [project_id contains invalid characters]","status":"INVALID_ARGUMENT","details":[{"@type":"type.googleapis.com/google.rpc.BadRequest","fieldViolations":[{"field":"project_id","description":"project_id contains invalid characters"}]},{"@type":"type.googleapis.com/google.rpc.Help","links":[{"url":"https://cloud.google.com/resource-manager/reference/rest/v1/projects"}]}]}}
[debug] [2024-11-02T13:29:27.612Z] FirebaseError: Request to https://cloudresourcemanager.googleapis.com/v1/projects had HTTP Error: 400, field [project_id] has issue [project_id contains invalid characters]
    at responseToError (C:\Users\user\AppData\Roaming\npm\node_modules\firebase-tools\lib\responseToError.js:52:12)
    at RetryOperation._fn (C:\Users\user\AppData\Roaming\npm\node_modules\firebase-tools\lib\apiv2.js:312:77)
    at process.processTicksAndRejections (node:internal/process/task_queues:95:5)
[error] 
[error] Error: Failed to create project. See firebase-debug.log for more info.
[debug] [2024-11-02T15:37:13.705Z] ----------------------------------------------------------------------
[debug] [2024-11-02T15:37:13.708Z] Command:       C:\Program Files\nodejs\node.exe C:\Users\user\AppData\Roaming\npm\node_modules\firebase-tools\lib\bin\firebase.js init
[debug] [2024-11-02T15:37:13.708Z] CLI Version:   13.23.1
[debug] [2024-11-02T15:37:13.709Z] Platform:      win32
[debug] [2024-11-02T15:37:13.709Z] Node Version:  v20.11.0
[debug] [2024-11-02T15:37:13.709Z] Time:          Sat Nov 02 2024 21:07:13 GMT+0530 (India Standard Time)
[debug] [2024-11-02T15:37:13.709Z] ----------------------------------------------------------------------
[debug] 
[debug] [2024-11-02T15:37:13.761Z] > command requires scopes: ["email","openid","https://www.googleapis.com/auth/cloudplatformprojects.readonly","https://www.googleapis.com/auth/firebase","https://www.googleapis.com/auth/cloud-platform"]
[debug] [2024-11-02T15:37:13.761Z] > authorizing via signed-in user (kotasonam3@gmail.com)
[info] 
     ######## #### ########  ######## ########     ###     ######  ########
     ##        ##  ##     ## ##       ##     ##  ##   ##  ##       ##
     ######    ##  ########  ######   ########  #########  ######  ######
     ##        ##  ##    ##  ##       ##     ## ##     ##       ## ##
     ##       #### ##     ## ######## ########  ##     ##  ######  ########

You're about to initialize a Firebase project in this directory:

  D:\Nextjswebsite\OnlineMenu\my-app\app

